<?xml version="1.0" encoding="UTF-8"?>
<!-- Generated by org.testng.reporters.JUnitReportReporter -->
<testsuite skipped="0" hostname="PL440G2-5285VTP" name="example.NewTest" tests="1" failures="0" timestamp="31 Dec 2018 13:20:41 GMT" time="9.097" errors="0">
  <testcase name="testEasy" time="9.097" classname="example.NewTest"/>
</testsuite> <!-- example.NewTest -->
