<?xml version="1.0" encoding="UTF-8"?>
<!-- Generated by org.testng.reporters.JUnitReportReporter -->
<testsuite skipped="0" hostname="PL440G2-5285VTP" name="example.NewTest" tests="1" failures="0" timestamp="07 Jan 2019 09:55:15 GMT" time="6.806" errors="0">
  <testcase name="testEasy" time="6.806" classname="example.NewTest"/>
</testsuite> <!-- example.NewTest -->
